2018-08-07 20:46:37.057  INFO 44820 --- [main] e.c.g.s.SpringOauthDemoApplication       : Starting SpringOauthDemoApplication on GM2K11 with PID 44820 (C:\galo\workspace\spring-oauth-demo\target\classes started by galo in C:\galo\workspace\spring-oauth-demo)
2018-08-07 20:46:37.065  INFO 44820 --- [main] e.c.g.s.SpringOauthDemoApplication       : No active profile set, falling back to default profiles: default
2018-08-07 20:46:37.127  INFO 44820 --- [main] ConfigServletWebServerApplicationContext : Refreshing org.springframework.boot.web.servlet.context.AnnotationConfigServletWebServerApplicationContext@9e55298: startup date [Tue Aug 07 20:46:37 COT 2018]; root of context hierarchy
2018-08-07 20:46:37.866  INFO 44820 --- [main] o.s.b.f.s.DefaultListableBeanFactory     : Overriding bean definition for bean 'createKeycloakRestTemplate' with a different definition: replacing [Root bean: class [null]; scope=prototype; abstract=false; lazyInit=false; autowireMode=3; dependencyCheck=0; autowireCandidate=true; primary=false; factoryBeanName=greetingRestController; factoryMethodName=createKeycloakRestTemplate; initMethodName=null; destroyMethodName=(inferred); defined in class path resource [ec/com/gm/springoauthdemo/GreetingRestController.class]] with [Root bean: class [null]; scope=prototype; abstract=false; lazyInit=false; autowireMode=3; dependencyCheck=0; autowireCandidate=true; primary=false; factoryBeanName=securityConfig; factoryMethodName=createKeycloakRestTemplate; initMethodName=null; destroyMethodName=(inferred); defined in class path resource [ec/com/gm/springoauthdemo/SecurityConfig.class]]
2018-08-07 20:46:37.869  INFO 44820 --- [main] o.s.b.f.s.DefaultListableBeanFactory     : Overriding bean definition for bean 'httpSessionManager' with a different definition: replacing [Generic bean: class [org.keycloak.adapters.springsecurity.management.HttpSessionManager]; scope=singleton; abstract=false; lazyInit=false; autowireMode=0; dependencyCheck=0; autowireCandidate=true; primary=false; factoryBeanName=null; factoryMethodName=null; initMethodName=null; destroyMethodName=null; defined in URL [jar:file:/C:/Users/galo/.m2/repository/org/keycloak/keycloak-spring-security-adapter/4.2.0.Final/keycloak-spring-security-adapter-4.2.0.Final.jar!/org/keycloak/adapters/springsecurity/management/HttpSessionManager.class]] with [Root bean: class [null]; scope=; abstract=false; lazyInit=false; autowireMode=3; dependencyCheck=0; autowireCandidate=true; primary=false; factoryBeanName=securityConfig; factoryMethodName=httpSessionManager; initMethodName=null; destroyMethodName=(inferred); defined in class path resource [ec/com/gm/springoauthdemo/SecurityConfig.class]]
2018-08-07 20:46:39.056  INFO 44820 --- [main] o.s.b.w.embedded.tomcat.TomcatWebServer  : Tomcat initialized with port(s): 18080 (http)
2018-08-07 20:46:39.093  INFO 44820 --- [main] o.apache.catalina.core.StandardService   : Starting service [Tomcat]
2018-08-07 20:46:39.094  INFO 44820 --- [main] org.apache.catalina.core.StandardEngine  : Starting Servlet Engine: Apache Tomcat/8.5.32
2018-08-07 20:46:39.111  INFO 44820 --- [localhost-startStop-1] o.a.catalina.core.AprLifecycleListener   : The APR based Apache Tomcat Native library which allows optimal performance in production environments was not found on the java.library.path: [E:\instalaciones\java\jdk1.8.0_51\bin;C:\Windows\Sun\Java\bin;C:\Windows\system32;C:\Windows;E:\instalaciones\cell\platform-tools;E:\instalaciones\java\apache-maven-3.3.9\bin;C:\Program Files\Common Files\Microsoft Shared\Windows Live;C:\Program Files (x86)\Common Files\Microsoft Shared\Windows Live;E:\instalaciones\java\jdk1.8.0_51\bin;C:\ProgramData\Oracle\Java\javapath;C:\Program Files (x86)\AMD APP\bin\x86_64;C:\Program Files (x86)\AMD APP\bin\x86;C:\Windows\system32;C:\Windows;C:\Windows\System32\Wbem;C:\Windows\System32\WindowsPowerShell\v1.0\;C:\Program Files (x86)\AMD\ATI.ACE\Core-Static;C:\Program Files (x86)\ATI Technologies\ATI.ACE\Core-Static;C:\Program Files\MATLAB\R2013a\runtime\win64;C:\Program Files\MATLAB\R2013a\bin;C:\Program Files (x86)\Windows Live\Shared;C:\Program Files (x86)\Skype\Phone\;E:\instalaciones\dev\Microsoft VS Code\bin;E:\instalaciones\dev\Git\cmd;E:\instalaciones\dev\nodejs\;C:\Users\galo\AppData\Roaming\npm;.]
2018-08-07 20:46:39.208  INFO 44820 --- [localhost-startStop-1] o.a.c.c.C.[Tomcat].[localhost].[/]       : Initializing Spring embedded WebApplicationContext
2018-08-07 20:46:39.209  INFO 44820 --- [localhost-startStop-1] o.s.web.context.ContextLoader            : Root WebApplicationContext: initialization completed in 2083 ms
2018-08-07 20:46:39.794  INFO 44820 --- [localhost-startStop-1] o.s.b.w.servlet.FilterRegistrationBean   : Mapping filter: 'characterEncodingFilter' to: [/*]
2018-08-07 20:46:39.796  INFO 44820 --- [localhost-startStop-1] o.s.b.w.servlet.FilterRegistrationBean   : Mapping filter: 'hiddenHttpMethodFilter' to: [/*]
2018-08-07 20:46:39.797  INFO 44820 --- [localhost-startStop-1] o.s.b.w.servlet.FilterRegistrationBean   : Mapping filter: 'httpPutFormContentFilter' to: [/*]
2018-08-07 20:46:39.797  INFO 44820 --- [localhost-startStop-1] o.s.b.w.servlet.FilterRegistrationBean   : Mapping filter: 'requestContextFilter' to: [/*]
2018-08-07 20:46:39.798  INFO 44820 --- [localhost-startStop-1] .s.DelegatingFilterProxyRegistrationBean : Mapping filter: 'springSecurityFilterChain' to: [/*]
2018-08-07 20:46:39.799  INFO 44820 --- [localhost-startStop-1] o.s.b.w.servlet.FilterRegistrationBean   : Mapping filter: 'keycloakAuthenticationProcessingFilter' to: [/*]
2018-08-07 20:46:39.799  INFO 44820 --- [localhost-startStop-1] o.s.b.w.servlet.FilterRegistrationBean   : Mapping filter: 'keycloakPreAuthActionsFilter' to: [/*]
2018-08-07 20:46:39.800  INFO 44820 --- [localhost-startStop-1] o.s.b.w.servlet.FilterRegistrationBean   : Mapping filter: 'keycloakSecurityContextRequestFilter' to: [/*]
2018-08-07 20:46:39.800  INFO 44820 --- [localhost-startStop-1] o.s.b.w.servlet.FilterRegistrationBean   : Mapping filter: 'keycloakAuthenticatedActionsRequestFilter' to: [/*]
2018-08-07 20:46:39.801  INFO 44820 --- [localhost-startStop-1] o.s.b.w.servlet.ServletRegistrationBean  : Servlet dispatcherServlet mapped to [/]
2018-08-07 20:46:40.146  INFO 44820 --- [main] o.s.s.web.DefaultSecurityFilterChain     : Creating filter chain: org.springframework.security.web.util.matcher.AnyRequestMatcher@1, [org.springframework.security.web.context.request.async.WebAsyncManagerIntegrationFilter@34f77a43, org.springframework.security.web.context.SecurityContextPersistenceFilter@380a24f, org.springframework.security.web.header.HeaderWriterFilter@7ab2a44d, org.springframework.security.web.csrf.CsrfFilter@73e98297, org.keycloak.adapters.springsecurity.filter.KeycloakPreAuthActionsFilter@2ab750a, org.springframework.security.web.authentication.logout.LogoutFilter@36b2f1e1, org.keycloak.adapters.springsecurity.filter.KeycloakAuthenticationProcessingFilter@25bb9b08, org.springframework.security.web.savedrequest.RequestCacheAwareFilter@5e8877f6, org.springframework.security.web.servletapi.SecurityContextHolderAwareRequestFilter@50de24ea, org.keycloak.adapters.springsecurity.filter.KeycloakSecurityContextRequestFilter@7c171327, org.keycloak.adapters.springsecurity.filter.KeycloakAuthenticatedActionsFilter@15b258b5, org.springframework.security.web.authentication.AnonymousAuthenticationFilter@36b7caad, org.springframework.security.web.session.SessionManagementFilter@74091767, org.springframework.security.web.access.ExceptionTranslationFilter@51bdf758, org.springframework.security.web.access.intercept.FilterSecurityInterceptor@40651a64]
2018-08-07 20:46:40.268  INFO 44820 --- [main] o.s.w.s.handler.SimpleUrlHandlerMapping  : Mapped URL path [/**/favicon.ico] onto handler of type [class org.springframework.web.servlet.resource.ResourceHttpRequestHandler]
2018-08-07 20:46:40.537  INFO 44820 --- [main] s.w.s.m.m.a.RequestMappingHandlerAdapter : Looking for @ControllerAdvice: org.springframework.boot.web.servlet.context.AnnotationConfigServletWebServerApplicationContext@9e55298: startup date [Tue Aug 07 20:46:37 COT 2018]; root of context hierarchy
2018-08-07 20:46:40.625  INFO 44820 --- [main] s.w.s.m.m.a.RequestMappingHandlerMapping : Mapped "{[/books],methods=[GET]}" onto public java.lang.String[] ec.com.gm.springoauthdemo.GreetingRestController.getProducts()
2018-08-07 20:46:40.628  INFO 44820 --- [main] s.w.s.m.m.a.RequestMappingHandlerMapping : Mapped "{[/greeting],methods=[GET]}" onto public ec.com.gm.springoauthdemo.Greeting ec.com.gm.springoauthdemo.GreetingRestController.salute()
2018-08-07 20:46:40.634  INFO 44820 --- [main] s.w.s.m.m.a.RequestMappingHandlerMapping : Mapped "{[/error]}" onto public org.springframework.http.ResponseEntity<java.util.Map<java.lang.String, java.lang.Object>> org.springframework.boot.autoconfigure.web.servlet.error.BasicErrorController.error(javax.servlet.http.HttpServletRequest)
2018-08-07 20:46:40.635  INFO 44820 --- [main] s.w.s.m.m.a.RequestMappingHandlerMapping : Mapped "{[/error],produces=[text/html]}" onto public org.springframework.web.servlet.ModelAndView org.springframework.boot.autoconfigure.web.servlet.error.BasicErrorController.errorHtml(javax.servlet.http.HttpServletRequest,javax.servlet.http.HttpServletResponse)
2018-08-07 20:46:40.666  INFO 44820 --- [main] o.s.w.s.handler.SimpleUrlHandlerMapping  : Mapped URL path [/webjars/**] onto handler of type [class org.springframework.web.servlet.resource.ResourceHttpRequestHandler]
2018-08-07 20:46:40.666  INFO 44820 --- [main] o.s.w.s.handler.SimpleUrlHandlerMapping  : Mapped URL path [/**] onto handler of type [class org.springframework.web.servlet.resource.ResourceHttpRequestHandler]
2018-08-07 20:46:40.852  INFO 44820 --- [main] o.s.j.e.a.AnnotationMBeanExporter        : Registering beans for JMX exposure on startup
2018-08-07 20:46:40.900  INFO 44820 --- [main] o.s.b.w.embedded.tomcat.TomcatWebServer  : Tomcat started on port(s): 18080 (http) with context path ''
2018-08-07 20:46:40.907  INFO 44820 --- [main] e.c.g.s.SpringOauthDemoApplication       : Started SpringOauthDemoApplication in 4.339 seconds (JVM running for 9.351)
2018-08-07 20:47:07.668  INFO 44820 --- [http-nio-18080-exec-1] o.a.c.c.C.[Tomcat].[localhost].[/]       : Initializing Spring FrameworkServlet 'dispatcherServlet'
2018-08-07 20:47:07.669  INFO 44820 --- [http-nio-18080-exec-1] o.s.web.servlet.DispatcherServlet        : FrameworkServlet 'dispatcherServlet': initialization started
2018-08-07 20:47:07.691  INFO 44820 --- [http-nio-18080-exec-1] o.s.web.servlet.DispatcherServlet        : FrameworkServlet 'dispatcherServlet': initialization completed in 22 ms
2018-08-07 20:47:13.183 ERROR 44820 --- [http-nio-18080-exec-5] o.a.c.c.C.[.[.[/].[dispatcherServlet]    : Servlet.service() for servlet [dispatcherServlet] in context with path [] threw exception [Request processing failed; nested exception is org.springframework.web.client.RestClientException: Error while extracting response for type [class [Ljava.lang.String;] and content type [application/json;charset=UTF-8]; nested exception is org.springframework.http.converter.HttpMessageNotReadableException: JSON parse error: Cannot deserialize instance of `java.lang.String` out of START_OBJECT token; nested exception is com.fasterxml.jackson.databind.exc.MismatchedInputException: Cannot deserialize instance of `java.lang.String` out of START_OBJECT token
 at [Source: (PushbackInputStream); line: 1, column: 2] (through reference chain: java.lang.Object[][0])] with root cause

com.fasterxml.jackson.databind.exc.MismatchedInputException: Cannot deserialize instance of `java.lang.String` out of START_OBJECT token
 at [Source: (PushbackInputStream); line: 1, column: 2] (through reference chain: java.lang.Object[][0])
	at com.fasterxml.jackson.databind.exc.MismatchedInputException.from(MismatchedInputException.java:63) ~[jackson-databind-2.9.6.jar:2.9.6]
	at com.fasterxml.jackson.databind.DeserializationContext.reportInputMismatch(DeserializationContext.java:1342) ~[jackson-databind-2.9.6.jar:2.9.6]
	at com.fasterxml.jackson.databind.DeserializationContext.handleUnexpectedToken(DeserializationContext.java:1138) ~[jackson-databind-2.9.6.jar:2.9.6]
	at com.fasterxml.jackson.databind.DeserializationContext.handleUnexpectedToken(DeserializationContext.java:1092) ~[jackson-databind-2.9.6.jar:2.9.6]
	at com.fasterxml.jackson.databind.deser.std.StdDeserializer._parseString(StdDeserializer.java:569) ~[jackson-databind-2.9.6.jar:2.9.6]
	at com.fasterxml.jackson.databind.deser.std.StringArrayDeserializer.deserialize(StringArrayDeserializer.java:157) ~[jackson-databind-2.9.6.jar:2.9.6]
	at com.fasterxml.jackson.databind.deser.std.StringArrayDeserializer.deserialize(StringArrayDeserializer.java:21) ~[jackson-databind-2.9.6.jar:2.9.6]
	at com.fasterxml.jackson.databind.ObjectMapper._readMapAndClose(ObjectMapper.java:4013) ~[jackson-databind-2.9.6.jar:2.9.6]
	at com.fasterxml.jackson.databind.ObjectMapper.readValue(ObjectMapper.java:3084) ~[jackson-databind-2.9.6.jar:2.9.6]
	at org.springframework.http.converter.json.AbstractJackson2HttpMessageConverter.readJavaType(AbstractJackson2HttpMessageConverter.java:237) ~[spring-web-5.0.8.RELEASE.jar:5.0.8.RELEASE]
	at org.springframework.http.converter.json.AbstractJackson2HttpMessageConverter.read(AbstractJackson2HttpMessageConverter.java:225) ~[spring-web-5.0.8.RELEASE.jar:5.0.8.RELEASE]
	at org.springframework.web.client.HttpMessageConverterExtractor.extractData(HttpMessageConverterExtractor.java:100) ~[spring-web-5.0.8.RELEASE.jar:5.0.8.RELEASE]
	at org.springframework.web.client.RestTemplate$ResponseEntityResponseExtractor.extractData(RestTemplate.java:991) ~[spring-web-5.0.8.RELEASE.jar:5.0.8.RELEASE]
	at org.springframework.web.client.RestTemplate$ResponseEntityResponseExtractor.extractData(RestTemplate.java:974) ~[spring-web-5.0.8.RELEASE.jar:5.0.8.RELEASE]
	at org.springframework.web.client.RestTemplate.doExecute(RestTemplate.java:725) ~[spring-web-5.0.8.RELEASE.jar:5.0.8.RELEASE]
	at org.springframework.web.client.RestTemplate.execute(RestTemplate.java:680) ~[spring-web-5.0.8.RELEASE.jar:5.0.8.RELEASE]
	at org.springframework.web.client.RestTemplate.getForEntity(RestTemplate.java:359) ~[spring-web-5.0.8.RELEASE.jar:5.0.8.RELEASE]
	at ec.com.gm.springoauthdemo.GreetingRestController.getProducts(GreetingRestController.java:39) ~[classes/:na]
	at sun.reflect.NativeMethodAccessorImpl.invoke0(Native Method) ~[na:1.8.0_51]
	at sun.reflect.NativeMethodAccessorImpl.invoke(NativeMethodAccessorImpl.java:62) ~[na:1.8.0_51]
	at sun.reflect.DelegatingMethodAccessorImpl.invoke(DelegatingMethodAccessorImpl.java:43) ~[na:1.8.0_51]
	at java.lang.reflect.Method.invoke(Method.java:497) ~[na:1.8.0_51]
	at org.springframework.web.method.support.InvocableHandlerMethod.doInvoke(InvocableHandlerMethod.java:209) ~[spring-web-5.0.8.RELEASE.jar:5.0.8.RELEASE]
	at org.springframework.web.method.support.InvocableHandlerMethod.invokeForRequest(InvocableHandlerMethod.java:136) ~[spring-web-5.0.8.RELEASE.jar:5.0.8.RELEASE]
	at org.springframework.web.servlet.mvc.method.annotation.ServletInvocableHandlerMethod.invokeAndHandle(ServletInvocableHandlerMethod.java:102) ~[spring-webmvc-5.0.8.RELEASE.jar:5.0.8.RELEASE]
	at org.springframework.web.servlet.mvc.method.annotation.RequestMappingHandlerAdapter.invokeHandlerMethod(RequestMappingHandlerAdapter.java:877) ~[spring-webmvc-5.0.8.RELEASE.jar:5.0.8.RELEASE]
	at org.springframework.web.servlet.mvc.method.annotation.RequestMappingHandlerAdapter.handleInternal(RequestMappingHandlerAdapter.java:783) ~[spring-webmvc-5.0.8.RELEASE.jar:5.0.8.RELEASE]
	at org.springframework.web.servlet.mvc.method.AbstractHandlerMethodAdapter.handle(AbstractHandlerMethodAdapter.java:87) ~[spring-webmvc-5.0.8.RELEASE.jar:5.0.8.RELEASE]
	at org.springframework.web.servlet.DispatcherServlet.doDispatch(DispatcherServlet.java:991) ~[spring-webmvc-5.0.8.RELEASE.jar:5.0.8.RELEASE]
	at org.springframework.web.servlet.DispatcherServlet.doService(DispatcherServlet.java:925) ~[spring-webmvc-5.0.8.RELEASE.jar:5.0.8.RELEASE]
	at org.springframework.web.servlet.FrameworkServlet.processRequest(FrameworkServlet.java:974) ~[spring-webmvc-5.0.8.RELEASE.jar:5.0.8.RELEASE]
	at org.springframework.web.servlet.FrameworkServlet.doGet(FrameworkServlet.java:866) ~[spring-webmvc-5.0.8.RELEASE.jar:5.0.8.RELEASE]
	at javax.servlet.http.HttpServlet.service(HttpServlet.java:635) ~[tomcat-embed-core-8.5.32.jar:8.5.32]
	at org.springframework.web.servlet.FrameworkServlet.service(FrameworkServlet.java:851) ~[spring-webmvc-5.0.8.RELEASE.jar:5.0.8.RELEASE]
	at javax.servlet.http.HttpServlet.service(HttpServlet.java:742) ~[tomcat-embed-core-8.5.32.jar:8.5.32]
	at org.apache.catalina.core.ApplicationFilterChain.internalDoFilter(ApplicationFilterChain.java:231) ~[tomcat-embed-core-8.5.32.jar:8.5.32]
	at org.apache.catalina.core.ApplicationFilterChain.doFilter(ApplicationFilterChain.java:166) ~[tomcat-embed-core-8.5.32.jar:8.5.32]
	at org.apache.tomcat.websocket.server.WsFilter.doFilter(WsFilter.java:52) ~[tomcat-embed-websocket-8.5.32.jar:8.5.32]
	at org.apache.catalina.core.ApplicationFilterChain.internalDoFilter(ApplicationFilterChain.java:193) ~[tomcat-embed-core-8.5.32.jar:8.5.32]
	at org.apache.catalina.core.ApplicationFilterChain.doFilter(ApplicationFilterChain.java:166) ~[tomcat-embed-core-8.5.32.jar:8.5.32]
	at org.keycloak.adapters.springsecurity.filter.KeycloakAuthenticatedActionsFilter.doFilter(KeycloakAuthenticatedActionsFilter.java:57) ~[keycloak-spring-security-adapter-4.2.0.Final.jar:4.2.0.Final]
	at org.apache.catalina.core.ApplicationFilterChain.internalDoFilter(ApplicationFilterChain.java:193) ~[tomcat-embed-core-8.5.32.jar:8.5.32]
	at org.apache.catalina.core.ApplicationFilterChain.doFilter(ApplicationFilterChain.java:166) ~[tomcat-embed-core-8.5.32.jar:8.5.32]
	at org.keycloak.adapters.springsecurity.filter.KeycloakSecurityContextRequestFilter.doFilter(KeycloakSecurityContextRequestFilter.java:54) ~[keycloak-spring-security-adapter-4.2.0.Final.jar:4.2.0.Final]
	at org.apache.catalina.core.ApplicationFilterChain.internalDoFilter(ApplicationFilterChain.java:193) ~[tomcat-embed-core-8.5.32.jar:8.5.32]
	at org.apache.catalina.core.ApplicationFilterChain.doFilter(ApplicationFilterChain.java:166) ~[tomcat-embed-core-8.5.32.jar:8.5.32]
	at org.keycloak.adapters.springsecurity.filter.KeycloakPreAuthActionsFilter.doFilter(KeycloakPreAuthActionsFilter.java:84) ~[keycloak-spring-security-adapter-4.2.0.Final.jar:4.2.0.Final]
	at org.apache.catalina.core.ApplicationFilterChain.internalDoFilter(ApplicationFilterChain.java:193) ~[tomcat-embed-core-8.5.32.jar:8.5.32]
	at org.apache.catalina.core.ApplicationFilterChain.doFilter(ApplicationFilterChain.java:166) ~[tomcat-embed-core-8.5.32.jar:8.5.32]
	at org.springframework.security.web.authentication.AbstractAuthenticationProcessingFilter.doFilter(AbstractAuthenticationProcessingFilter.java:200) ~[spring-security-web-5.0.7.RELEASE.jar:5.0.7.RELEASE]
	at org.apache.catalina.core.ApplicationFilterChain.internalDoFilter(ApplicationFilterChain.java:193) ~[tomcat-embed-core-8.5.32.jar:8.5.32]
	at org.apache.catalina.core.ApplicationFilterChain.doFilter(ApplicationFilterChain.java:166) ~[tomcat-embed-core-8.5.32.jar:8.5.32]
	at org.springframework.security.web.FilterChainProxy$VirtualFilterChain.doFilter(FilterChainProxy.java:320) ~[spring-security-web-5.0.7.RELEASE.jar:5.0.7.RELEASE]
	at org.springframework.security.web.access.intercept.FilterSecurityInterceptor.invoke(FilterSecurityInterceptor.java:127) ~[spring-security-web-5.0.7.RELEASE.jar:5.0.7.RELEASE]
	at org.springframework.security.web.access.intercept.FilterSecurityInterceptor.doFilter(FilterSecurityInterceptor.java:91) ~[spring-security-web-5.0.7.RELEASE.jar:5.0.7.RELEASE]
	at org.springframework.security.web.FilterChainProxy$VirtualFilterChain.doFilter(FilterChainProxy.java:334) ~[spring-security-web-5.0.7.RELEASE.jar:5.0.7.RELEASE]
	at org.springframework.security.web.access.ExceptionTranslationFilter.doFilter(ExceptionTranslationFilter.java:119) ~[spring-security-web-5.0.7.RELEASE.jar:5.0.7.RELEASE]
	at org.springframework.security.web.FilterChainProxy$VirtualFilterChain.doFilter(FilterChainProxy.java:334) ~[spring-security-web-5.0.7.RELEASE.jar:5.0.7.RELEASE]
	at org.springframework.security.web.session.SessionManagementFilter.doFilter(SessionManagementFilter.java:137) ~[spring-security-web-5.0.7.RELEASE.jar:5.0.7.RELEASE]
	at org.springframework.security.web.FilterChainProxy$VirtualFilterChain.doFilter(FilterChainProxy.java:334) ~[spring-security-web-5.0.7.RELEASE.jar:5.0.7.RELEASE]
	at org.springframework.security.web.authentication.AnonymousAuthenticationFilter.doFilter(AnonymousAuthenticationFilter.java:111) ~[spring-security-web-5.0.7.RELEASE.jar:5.0.7.RELEASE]
	at org.springframework.security.web.FilterChainProxy$VirtualFilterChain.doFilter(FilterChainProxy.java:334) ~[spring-security-web-5.0.7.RELEASE.jar:5.0.7.RELEASE]
	at org.keycloak.adapters.springsecurity.filter.KeycloakAuthenticatedActionsFilter.doFilter(KeycloakAuthenticatedActionsFilter.java:74) ~[keycloak-spring-security-adapter-4.2.0.Final.jar:4.2.0.Final]
	at org.springframework.security.web.FilterChainProxy$VirtualFilterChain.doFilter(FilterChainProxy.java:334) ~[spring-security-web-5.0.7.RELEASE.jar:5.0.7.RELEASE]
	at org.keycloak.adapters.springsecurity.filter.KeycloakSecurityContextRequestFilter.doFilter(KeycloakSecurityContextRequestFilter.java:77) ~[keycloak-spring-security-adapter-4.2.0.Final.jar:4.2.0.Final]
	at org.springframework.security.web.FilterChainProxy$VirtualFilterChain.doFilter(FilterChainProxy.java:334) ~[spring-security-web-5.0.7.RELEASE.jar:5.0.7.RELEASE]
	at org.springframework.security.web.servletapi.SecurityContextHolderAwareRequestFilter.doFilter(SecurityContextHolderAwareRequestFilter.java:170) ~[spring-security-web-5.0.7.RELEASE.jar:5.0.7.RELEASE]
	at org.springframework.security.web.FilterChainProxy$VirtualFilterChain.doFilter(FilterChainProxy.java:334) ~[spring-security-web-5.0.7.RELEASE.jar:5.0.7.RELEASE]
	at org.springframework.security.web.savedrequest.RequestCacheAwareFilter.doFilter(RequestCacheAwareFilter.java:63) ~[spring-security-web-5.0.7.RELEASE.jar:5.0.7.RELEASE]
	at org.springframework.security.web.FilterChainProxy$VirtualFilterChain.doFilter(FilterChainProxy.java:334) ~[spring-security-web-5.0.7.RELEASE.jar:5.0.7.RELEASE]
	at org.springframework.security.web.authentication.AbstractAuthenticationProcessingFilter.doFilter(AbstractAuthenticationProcessingFilter.java:200) ~[spring-security-web-5.0.7.RELEASE.jar:5.0.7.RELEASE]
	at org.springframework.security.web.FilterChainProxy$VirtualFilterChain.doFilter(FilterChainProxy.java:334) ~[spring-security-web-5.0.7.RELEASE.jar:5.0.7.RELEASE]
	at org.springframework.security.web.authentication.logout.LogoutFilter.doFilter(LogoutFilter.java:116) ~[spring-security-web-5.0.7.RELEASE.jar:5.0.7.RELEASE]
	at org.springframework.security.web.FilterChainProxy$VirtualFilterChain.doFilter(FilterChainProxy.java:334) ~[spring-security-web-5.0.7.RELEASE.jar:5.0.7.RELEASE]
	at org.keycloak.adapters.springsecurity.filter.KeycloakPreAuthActionsFilter.doFilter(KeycloakPreAuthActionsFilter.java:84) ~[keycloak-spring-security-adapter-4.2.0.Final.jar:4.2.0.Final]
	at org.springframework.security.web.FilterChainProxy$VirtualFilterChain.doFilter(FilterChainProxy.java:334) ~[spring-security-web-5.0.7.RELEASE.jar:5.0.7.RELEASE]
	at org.springframework.security.web.csrf.CsrfFilter.doFilterInternal(CsrfFilter.java:100) ~[spring-security-web-5.0.7.RELEASE.jar:5.0.7.RELEASE]
	at org.springframework.web.filter.OncePerRequestFilter.doFilter(OncePerRequestFilter.java:107) ~[spring-web-5.0.8.RELEASE.jar:5.0.8.RELEASE]
	at org.springframework.security.web.FilterChainProxy$VirtualFilterChain.doFilter(FilterChainProxy.java:334) ~[spring-security-web-5.0.7.RELEASE.jar:5.0.7.RELEASE]
	at org.springframework.security.web.header.HeaderWriterFilter.doFilterInternal(HeaderWriterFilter.java:66) ~[spring-security-web-5.0.7.RELEASE.jar:5.0.7.RELEASE]
	at org.springframework.web.filter.OncePerRequestFilter.doFilter(OncePerRequestFilter.java:107) ~[spring-web-5.0.8.RELEASE.jar:5.0.8.RELEASE]
	at org.springframework.security.web.FilterChainProxy$VirtualFilterChain.doFilter(FilterChainProxy.java:334) ~[spring-security-web-5.0.7.RELEASE.jar:5.0.7.RELEASE]
	at org.springframework.security.web.context.SecurityContextPersistenceFilter.doFilter(SecurityContextPersistenceFilter.java:105) ~[spring-security-web-5.0.7.RELEASE.jar:5.0.7.RELEASE]
	at org.springframework.security.web.FilterChainProxy$VirtualFilterChain.doFilter(FilterChainProxy.java:334) ~[spring-security-web-5.0.7.RELEASE.jar:5.0.7.RELEASE]
	at org.springframework.security.web.context.request.async.WebAsyncManagerIntegrationFilter.doFilterInternal(WebAsyncManagerIntegrationFilter.java:56) ~[spring-security-web-5.0.7.RELEASE.jar:5.0.7.RELEASE]
	at org.springframework.web.filter.OncePerRequestFilter.doFilter(OncePerRequestFilter.java:107) ~[spring-web-5.0.8.RELEASE.jar:5.0.8.RELEASE]
	at org.springframework.security.web.FilterChainProxy$VirtualFilterChain.doFilter(FilterChainProxy.java:334) ~[spring-security-web-5.0.7.RELEASE.jar:5.0.7.RELEASE]
	at org.springframework.security.web.FilterChainProxy.doFilterInternal(FilterChainProxy.java:215) ~[spring-security-web-5.0.7.RELEASE.jar:5.0.7.RELEASE]
	at org.springframework.security.web.FilterChainProxy.doFilter(FilterChainProxy.java:178) ~[spring-security-web-5.0.7.RELEASE.jar:5.0.7.RELEASE]
	at org.springframework.web.filter.DelegatingFilterProxy.invokeDelegate(DelegatingFilterProxy.java:357) ~[spring-web-5.0.8.RELEASE.jar:5.0.8.RELEASE]
	at org.springframework.web.filter.DelegatingFilterProxy.doFilter(DelegatingFilterProxy.java:270) ~[spring-web-5.0.8.RELEASE.jar:5.0.8.RELEASE]
	at org.apache.catalina.core.ApplicationFilterChain.internalDoFilter(ApplicationFilterChain.java:193) ~[tomcat-embed-core-8.5.32.jar:8.5.32]
	at org.apache.catalina.core.ApplicationFilterChain.doFilter(ApplicationFilterChain.java:166) ~[tomcat-embed-core-8.5.32.jar:8.5.32]
	at org.springframework.web.filter.RequestContextFilter.doFilterInternal(RequestContextFilter.java:99) ~[spring-web-5.0.8.RELEASE.jar:5.0.8.RELEASE]
	at org.springframework.web.filter.OncePerRequestFilter.doFilter(OncePerRequestFilter.java:107) ~[spring-web-5.0.8.RELEASE.jar:5.0.8.RELEASE]
	at org.apache.catalina.core.ApplicationFilterChain.internalDoFilter(ApplicationFilterChain.java:193) ~[tomcat-embed-core-8.5.32.jar:8.5.32]
	at org.apache.catalina.core.ApplicationFilterChain.doFilter(ApplicationFilterChain.java:166) ~[tomcat-embed-core-8.5.32.jar:8.5.32]
	at org.springframework.web.filter.HttpPutFormContentFilter.doFilterInternal(HttpPutFormContentFilter.java:109) ~[spring-web-5.0.8.RELEASE.jar:5.0.8.RELEASE]
	at org.springframework.web.filter.OncePerRequestFilter.doFilter(OncePerRequestFilter.java:107) ~[spring-web-5.0.8.RELEASE.jar:5.0.8.RELEASE]
	at org.apache.catalina.core.ApplicationFilterChain.internalDoFilter(ApplicationFilterChain.java:193) ~[tomcat-embed-core-8.5.32.jar:8.5.32]
	at org.apache.catalina.core.ApplicationFilterChain.doFilter(ApplicationFilterChain.java:166) ~[tomcat-embed-core-8.5.32.jar:8.5.32]
	at org.springframework.web.filter.HiddenHttpMethodFilter.doFilterInternal(HiddenHttpMethodFilter.java:93) ~[spring-web-5.0.8.RELEASE.jar:5.0.8.RELEASE]
	at org.springframework.web.filter.OncePerRequestFilter.doFilter(OncePerRequestFilter.java:107) ~[spring-web-5.0.8.RELEASE.jar:5.0.8.RELEASE]
	at org.apache.catalina.core.ApplicationFilterChain.internalDoFilter(ApplicationFilterChain.java:193) ~[tomcat-embed-core-8.5.32.jar:8.5.32]
	at org.apache.catalina.core.ApplicationFilterChain.doFilter(ApplicationFilterChain.java:166) ~[tomcat-embed-core-8.5.32.jar:8.5.32]
	at org.springframework.web.filter.CharacterEncodingFilter.doFilterInternal(CharacterEncodingFilter.java:200) ~[spring-web-5.0.8.RELEASE.jar:5.0.8.RELEASE]
	at org.springframework.web.filter.OncePerRequestFilter.doFilter(OncePerRequestFilter.java:107) ~[spring-web-5.0.8.RELEASE.jar:5.0.8.RELEASE]
	at org.apache.catalina.core.ApplicationFilterChain.internalDoFilter(ApplicationFilterChain.java:193) ~[tomcat-embed-core-8.5.32.jar:8.5.32]
	at org.apache.catalina.core.ApplicationFilterChain.doFilter(ApplicationFilterChain.java:166) ~[tomcat-embed-core-8.5.32.jar:8.5.32]
	at org.apache.catalina.core.StandardWrapperValve.invoke(StandardWrapperValve.java:198) ~[tomcat-embed-core-8.5.32.jar:8.5.32]
	at org.apache.catalina.core.StandardContextValve.invoke(StandardContextValve.java:96) [tomcat-embed-core-8.5.32.jar:8.5.32]
	at org.keycloak.adapters.tomcat.AbstractAuthenticatedActionsValve.invoke(AbstractAuthenticatedActionsValve.java:67) [spring-boot-container-bundle-4.2.0.Final.jar:4.2.0.Final]
	at org.apache.catalina.authenticator.AuthenticatorBase.invoke(AuthenticatorBase.java:493) [tomcat-embed-core-8.5.32.jar:8.5.32]
	at org.keycloak.adapters.tomcat.AbstractKeycloakAuthenticatorValve.invoke(AbstractKeycloakAuthenticatorValve.java:181) [spring-boot-container-bundle-4.2.0.Final.jar:4.2.0.Final]
	at org.apache.catalina.core.StandardHostValve.invoke(StandardHostValve.java:140) [tomcat-embed-core-8.5.32.jar:8.5.32]
	at org.apache.catalina.valves.ErrorReportValve.invoke(ErrorReportValve.java:81) [tomcat-embed-core-8.5.32.jar:8.5.32]
	at org.apache.catalina.core.StandardEngineValve.invoke(StandardEngineValve.java:87) [tomcat-embed-core-8.5.32.jar:8.5.32]
	at org.apache.catalina.connector.CoyoteAdapter.service(CoyoteAdapter.java:342) [tomcat-embed-core-8.5.32.jar:8.5.32]
	at org.apache.coyote.http11.Http11Processor.service(Http11Processor.java:800) [tomcat-embed-core-8.5.32.jar:8.5.32]
	at org.apache.coyote.AbstractProcessorLight.process(AbstractProcessorLight.java:66) [tomcat-embed-core-8.5.32.jar:8.5.32]
	at org.apache.coyote.AbstractProtocol$ConnectionHandler.process(AbstractProtocol.java:800) [tomcat-embed-core-8.5.32.jar:8.5.32]
	at org.apache.tomcat.util.net.NioEndpoint$SocketProcessor.doRun(NioEndpoint.java:1471) [tomcat-embed-core-8.5.32.jar:8.5.32]
	at org.apache.tomcat.util.net.SocketProcessorBase.run(SocketProcessorBase.java:49) [tomcat-embed-core-8.5.32.jar:8.5.32]
	at java.util.concurrent.ThreadPoolExecutor.runWorker(ThreadPoolExecutor.java:1142) [na:1.8.0_51]
	at java.util.concurrent.ThreadPoolExecutor$Worker.run(ThreadPoolExecutor.java:617) [na:1.8.0_51]
	at org.apache.tomcat.util.threads.TaskThread$WrappingRunnable.run(TaskThread.java:61) [tomcat-embed-core-8.5.32.jar:8.5.32]
	at java.lang.Thread.run(Thread.java:745) [na:1.8.0_51]

2018-08-07 20:51:10.959  INFO 44820 --- [Thread-3] ConfigServletWebServerApplicationContext : Closing org.springframework.boot.web.servlet.context.AnnotationConfigServletWebServerApplicationContext@9e55298: startup date [Tue Aug 07 20:46:37 COT 2018]; root of context hierarchy
2018-08-07 20:51:10.963  INFO 44820 --- [Thread-3] o.s.j.e.a.AnnotationMBeanExporter        : Unregistering JMX-exposed beans on shutdown
2018-08-07 20:51:19.987  INFO 45024 --- [main] e.c.g.s.SpringOauthDemoApplication       : Starting SpringOauthDemoApplication on GM2K11 with PID 45024 (C:\galo\workspace\spring-oauth-demo\target\classes started by galo in C:\galo\workspace\spring-oauth-demo)
2018-08-07 20:51:19.994  INFO 45024 --- [main] e.c.g.s.SpringOauthDemoApplication       : No active profile set, falling back to default profiles: default
2018-08-07 20:51:20.068  INFO 45024 --- [main] ConfigServletWebServerApplicationContext : Refreshing org.springframework.boot.web.servlet.context.AnnotationConfigServletWebServerApplicationContext@7d5b2308: startup date [Tue Aug 07 20:51:20 COT 2018]; root of context hierarchy
2018-08-07 20:51:20.850  INFO 45024 --- [main] o.s.b.f.s.DefaultListableBeanFactory     : Overriding bean definition for bean 'httpSessionManager' with a different definition: replacing [Generic bean: class [org.keycloak.adapters.springsecurity.management.HttpSessionManager]; scope=singleton; abstract=false; lazyInit=false; autowireMode=0; dependencyCheck=0; autowireCandidate=true; primary=false; factoryBeanName=null; factoryMethodName=null; initMethodName=null; destroyMethodName=null; defined in URL [jar:file:/C:/Users/galo/.m2/repository/org/keycloak/keycloak-spring-security-adapter/4.2.0.Final/keycloak-spring-security-adapter-4.2.0.Final.jar!/org/keycloak/adapters/springsecurity/management/HttpSessionManager.class]] with [Root bean: class [null]; scope=; abstract=false; lazyInit=false; autowireMode=3; dependencyCheck=0; autowireCandidate=true; primary=false; factoryBeanName=securityConfig; factoryMethodName=httpSessionManager; initMethodName=null; destroyMethodName=(inferred); defined in class path resource [ec/com/gm/springoauthdemo/SecurityConfig.class]]
2018-08-07 20:51:22.058  INFO 45024 --- [main] o.s.b.w.embedded.tomcat.TomcatWebServer  : Tomcat initialized with port(s): 18080 (http)
2018-08-07 20:51:22.099  INFO 45024 --- [main] o.apache.catalina.core.StandardService   : Starting service [Tomcat]
2018-08-07 20:51:22.100  INFO 45024 --- [main] org.apache.catalina.core.StandardEngine  : Starting Servlet Engine: Apache Tomcat/8.5.32
2018-08-07 20:51:22.115  INFO 45024 --- [localhost-startStop-1] o.a.catalina.core.AprLifecycleListener   : The APR based Apache Tomcat Native library which allows optimal performance in production environments was not found on the java.library.path: [E:\instalaciones\java\jdk1.8.0_51\bin;C:\Windows\Sun\Java\bin;C:\Windows\system32;C:\Windows;E:\instalaciones\cell\platform-tools;E:\instalaciones\java\apache-maven-3.3.9\bin;C:\Program Files\Common Files\Microsoft Shared\Windows Live;C:\Program Files (x86)\Common Files\Microsoft Shared\Windows Live;E:\instalaciones\java\jdk1.8.0_51\bin;C:\ProgramData\Oracle\Java\javapath;C:\Program Files (x86)\AMD APP\bin\x86_64;C:\Program Files (x86)\AMD APP\bin\x86;C:\Windows\system32;C:\Windows;C:\Windows\System32\Wbem;C:\Windows\System32\WindowsPowerShell\v1.0\;C:\Program Files (x86)\AMD\ATI.ACE\Core-Static;C:\Program Files (x86)\ATI Technologies\ATI.ACE\Core-Static;C:\Program Files\MATLAB\R2013a\runtime\win64;C:\Program Files\MATLAB\R2013a\bin;C:\Program Files (x86)\Windows Live\Shared;C:\Program Files (x86)\Skype\Phone\;E:\instalaciones\dev\Microsoft VS Code\bin;E:\instalaciones\dev\Git\cmd;E:\instalaciones\dev\nodejs\;C:\Users\galo\AppData\Roaming\npm;.]
2018-08-07 20:51:22.215  INFO 45024 --- [localhost-startStop-1] o.a.c.c.C.[Tomcat].[localhost].[/]       : Initializing Spring embedded WebApplicationContext
2018-08-07 20:51:22.216  INFO 45024 --- [localhost-startStop-1] o.s.web.context.ContextLoader            : Root WebApplicationContext: initialization completed in 2149 ms
2018-08-07 20:51:22.806  INFO 45024 --- [localhost-startStop-1] o.s.b.w.servlet.FilterRegistrationBean   : Mapping filter: 'characterEncodingFilter' to: [/*]
2018-08-07 20:51:22.807  INFO 45024 --- [localhost-startStop-1] o.s.b.w.servlet.FilterRegistrationBean   : Mapping filter: 'hiddenHttpMethodFilter' to: [/*]
2018-08-07 20:51:22.808  INFO 45024 --- [localhost-startStop-1] o.s.b.w.servlet.FilterRegistrationBean   : Mapping filter: 'httpPutFormContentFilter' to: [/*]
2018-08-07 20:51:22.808  INFO 45024 --- [localhost-startStop-1] o.s.b.w.servlet.FilterRegistrationBean   : Mapping filter: 'requestContextFilter' to: [/*]
2018-08-07 20:51:22.809  INFO 45024 --- [localhost-startStop-1] .s.DelegatingFilterProxyRegistrationBean : Mapping filter: 'springSecurityFilterChain' to: [/*]
2018-08-07 20:51:22.810  INFO 45024 --- [localhost-startStop-1] o.s.b.w.servlet.FilterRegistrationBean   : Mapping filter: 'keycloakAuthenticationProcessingFilter' to: [/*]
2018-08-07 20:51:22.810  INFO 45024 --- [localhost-startStop-1] o.s.b.w.servlet.FilterRegistrationBean   : Mapping filter: 'keycloakPreAuthActionsFilter' to: [/*]
2018-08-07 20:51:22.810  INFO 45024 --- [localhost-startStop-1] o.s.b.w.servlet.FilterRegistrationBean   : Mapping filter: 'keycloakSecurityContextRequestFilter' to: [/*]
2018-08-07 20:51:22.811  INFO 45024 --- [localhost-startStop-1] o.s.b.w.servlet.FilterRegistrationBean   : Mapping filter: 'keycloakAuthenticatedActionsRequestFilter' to: [/*]
2018-08-07 20:51:22.811  INFO 45024 --- [localhost-startStop-1] o.s.b.w.servlet.ServletRegistrationBean  : Servlet dispatcherServlet mapped to [/]
2018-08-07 20:51:23.159  INFO 45024 --- [main] o.s.s.web.DefaultSecurityFilterChain     : Creating filter chain: org.springframework.security.web.util.matcher.AnyRequestMatcher@1, [org.springframework.security.web.context.request.async.WebAsyncManagerIntegrationFilter@1e4c76d3, org.springframework.security.web.context.SecurityContextPersistenceFilter@60f7488a, org.springframework.security.web.header.HeaderWriterFilter@306ee6ae, org.springframework.security.web.csrf.CsrfFilter@6b3b5ce6, org.keycloak.adapters.springsecurity.filter.KeycloakPreAuthActionsFilter@38610b15, org.springframework.security.web.authentication.logout.LogoutFilter@40499441, org.keycloak.adapters.springsecurity.filter.KeycloakAuthenticationProcessingFilter@b9d56cb, org.springframework.security.web.savedrequest.RequestCacheAwareFilter@27a88aec, org.springframework.security.web.servletapi.SecurityContextHolderAwareRequestFilter@bd5675a, org.keycloak.adapters.springsecurity.filter.KeycloakSecurityContextRequestFilter@3b7b19ad, org.keycloak.adapters.springsecurity.filter.KeycloakAuthenticatedActionsFilter@42032f05, org.springframework.security.web.authentication.AnonymousAuthenticationFilter@107f76f1, org.springframework.security.web.session.SessionManagementFilter@3e377867, org.springframework.security.web.access.ExceptionTranslationFilter@f6f45ed, org.springframework.security.web.access.intercept.FilterSecurityInterceptor@7e589b5f]
2018-08-07 20:51:23.285  INFO 45024 --- [main] o.s.w.s.handler.SimpleUrlHandlerMapping  : Mapped URL path [/**/favicon.ico] onto handler of type [class org.springframework.web.servlet.resource.ResourceHttpRequestHandler]
2018-08-07 20:51:23.531  INFO 45024 --- [main] s.w.s.m.m.a.RequestMappingHandlerAdapter : Looking for @ControllerAdvice: org.springframework.boot.web.servlet.context.AnnotationConfigServletWebServerApplicationContext@7d5b2308: startup date [Tue Aug 07 20:51:20 COT 2018]; root of context hierarchy
2018-08-07 20:51:23.630  INFO 45024 --- [main] s.w.s.m.m.a.RequestMappingHandlerMapping : Mapped "{[/books],methods=[GET]}" onto public java.lang.String ec.com.gm.springoauthdemo.GreetingRestController.getProducts()
2018-08-07 20:51:23.634  INFO 45024 --- [main] s.w.s.m.m.a.RequestMappingHandlerMapping : Mapped "{[/greeting],methods=[GET]}" onto public ec.com.gm.springoauthdemo.Greeting ec.com.gm.springoauthdemo.GreetingRestController.salute()
2018-08-07 20:51:23.640  INFO 45024 --- [main] s.w.s.m.m.a.RequestMappingHandlerMapping : Mapped "{[/error]}" onto public org.springframework.http.ResponseEntity<java.util.Map<java.lang.String, java.lang.Object>> org.springframework.boot.autoconfigure.web.servlet.error.BasicErrorController.error(javax.servlet.http.HttpServletRequest)
2018-08-07 20:51:23.641  INFO 45024 --- [main] s.w.s.m.m.a.RequestMappingHandlerMapping : Mapped "{[/error],produces=[text/html]}" onto public org.springframework.web.servlet.ModelAndView org.springframework.boot.autoconfigure.web.servlet.error.BasicErrorController.errorHtml(javax.servlet.http.HttpServletRequest,javax.servlet.http.HttpServletResponse)
2018-08-07 20:51:23.676  INFO 45024 --- [main] o.s.w.s.handler.SimpleUrlHandlerMapping  : Mapped URL path [/webjars/**] onto handler of type [class org.springframework.web.servlet.resource.ResourceHttpRequestHandler]
2018-08-07 20:51:23.677  INFO 45024 --- [main] o.s.w.s.handler.SimpleUrlHandlerMapping  : Mapped URL path [/**] onto handler of type [class org.springframework.web.servlet.resource.ResourceHttpRequestHandler]
2018-08-07 20:51:23.881  INFO 45024 --- [main] o.s.j.e.a.AnnotationMBeanExporter        : Registering beans for JMX exposure on startup
2018-08-07 20:51:23.932  INFO 45024 --- [main] o.s.b.w.embedded.tomcat.TomcatWebServer  : Tomcat started on port(s): 18080 (http) with context path ''
2018-08-07 20:51:23.938  INFO 45024 --- [main] e.c.g.s.SpringOauthDemoApplication       : Started SpringOauthDemoApplication in 4.448 seconds (JVM running for 9.414)
2018-08-07 20:51:35.070  INFO 45024 --- [http-nio-18080-exec-1] o.a.c.c.C.[Tomcat].[localhost].[/]       : Initializing Spring FrameworkServlet 'dispatcherServlet'
2018-08-07 20:51:35.071  INFO 45024 --- [http-nio-18080-exec-1] o.s.web.servlet.DispatcherServlet        : FrameworkServlet 'dispatcherServlet': initialization started
2018-08-07 20:51:35.091  INFO 45024 --- [http-nio-18080-exec-1] o.s.web.servlet.DispatcherServlet        : FrameworkServlet 'dispatcherServlet': initialization completed in 19 ms
2018-08-07 22:06:23.914  INFO 45024 --- [Thread-3] ConfigServletWebServerApplicationContext : Closing org.springframework.boot.web.servlet.context.AnnotationConfigServletWebServerApplicationContext@7d5b2308: startup date [Tue Aug 07 20:51:20 COT 2018]; root of context hierarchy
2018-08-07 22:06:23.924  INFO 45024 --- [Thread-3] o.s.j.e.a.AnnotationMBeanExporter        : Unregistering JMX-exposed beans on shutdown
2018-08-07 22:06:33.527  INFO 36136 --- [main] e.c.g.s.SpringOauthDemoApplication       : Starting SpringOauthDemoApplication on GM2K11 with PID 36136 (C:\galo\workspace\spring-oauth-demo\target\classes started by galo in C:\galo\workspace\spring-oauth-demo)
2018-08-07 22:06:33.531  INFO 36136 --- [main] e.c.g.s.SpringOauthDemoApplication       : No active profile set, falling back to default profiles: default
2018-08-07 22:06:33.592  INFO 36136 --- [main] ConfigServletWebServerApplicationContext : Refreshing org.springframework.boot.web.servlet.context.AnnotationConfigServletWebServerApplicationContext@23d08b37: startup date [Tue Aug 07 22:06:33 COT 2018]; root of context hierarchy
2018-08-07 22:06:34.439  INFO 36136 --- [main] o.s.b.f.s.DefaultListableBeanFactory     : Overriding bean definition for bean 'httpSessionManager' with a different definition: replacing [Generic bean: class [org.keycloak.adapters.springsecurity.management.HttpSessionManager]; scope=singleton; abstract=false; lazyInit=false; autowireMode=0; dependencyCheck=0; autowireCandidate=true; primary=false; factoryBeanName=null; factoryMethodName=null; initMethodName=null; destroyMethodName=null; defined in URL [jar:file:/C:/Users/galo/.m2/repository/org/keycloak/keycloak-spring-security-adapter/4.2.0.Final/keycloak-spring-security-adapter-4.2.0.Final.jar!/org/keycloak/adapters/springsecurity/management/HttpSessionManager.class]] with [Root bean: class [null]; scope=; abstract=false; lazyInit=false; autowireMode=3; dependencyCheck=0; autowireCandidate=true; primary=false; factoryBeanName=securityConfig; factoryMethodName=httpSessionManager; initMethodName=null; destroyMethodName=(inferred); defined in class path resource [ec/com/gm/springoauthdemo/SecurityConfig.class]]
2018-08-07 22:06:35.594  INFO 36136 --- [main] o.s.b.w.embedded.tomcat.TomcatWebServer  : Tomcat initialized with port(s): 18080 (http)
2018-08-07 22:06:35.632  INFO 36136 --- [main] o.apache.catalina.core.StandardService   : Starting service [Tomcat]
2018-08-07 22:06:35.633  INFO 36136 --- [main] org.apache.catalina.core.StandardEngine  : Starting Servlet Engine: Apache Tomcat/8.5.32
2018-08-07 22:06:35.648  INFO 36136 --- [localhost-startStop-1] o.a.catalina.core.AprLifecycleListener   : The APR based Apache Tomcat Native library which allows optimal performance in production environments was not found on the java.library.path: [E:\instalaciones\java\jdk1.8.0_51\bin;C:\Windows\Sun\Java\bin;C:\Windows\system32;C:\Windows;E:\instalaciones\cell\platform-tools;E:\instalaciones\java\apache-maven-3.3.9\bin;C:\Program Files\Common Files\Microsoft Shared\Windows Live;C:\Program Files (x86)\Common Files\Microsoft Shared\Windows Live;E:\instalaciones\java\jdk1.8.0_51\bin;C:\ProgramData\Oracle\Java\javapath;C:\Program Files (x86)\AMD APP\bin\x86_64;C:\Program Files (x86)\AMD APP\bin\x86;C:\Windows\system32;C:\Windows;C:\Windows\System32\Wbem;C:\Windows\System32\WindowsPowerShell\v1.0\;C:\Program Files (x86)\AMD\ATI.ACE\Core-Static;C:\Program Files (x86)\ATI Technologies\ATI.ACE\Core-Static;C:\Program Files\MATLAB\R2013a\runtime\win64;C:\Program Files\MATLAB\R2013a\bin;C:\Program Files (x86)\Windows Live\Shared;C:\Program Files (x86)\Skype\Phone\;E:\instalaciones\dev\Microsoft VS Code\bin;E:\instalaciones\dev\Git\cmd;E:\instalaciones\dev\nodejs\;C:\Users\galo\AppData\Roaming\npm;.]
2018-08-07 22:06:35.741  INFO 36136 --- [localhost-startStop-1] o.a.c.c.C.[Tomcat].[localhost].[/]       : Initializing Spring embedded WebApplicationContext
2018-08-07 22:06:35.741  INFO 36136 --- [localhost-startStop-1] o.s.web.context.ContextLoader            : Root WebApplicationContext: initialization completed in 2150 ms
2018-08-07 22:06:36.301  INFO 36136 --- [localhost-startStop-1] o.s.b.w.servlet.FilterRegistrationBean   : Mapping filter: 'characterEncodingFilter' to: [/*]
2018-08-07 22:06:36.302  INFO 36136 --- [localhost-startStop-1] o.s.b.w.servlet.FilterRegistrationBean   : Mapping filter: 'hiddenHttpMethodFilter' to: [/*]
2018-08-07 22:06:36.302  INFO 36136 --- [localhost-startStop-1] o.s.b.w.servlet.FilterRegistrationBean   : Mapping filter: 'httpPutFormContentFilter' to: [/*]
2018-08-07 22:06:36.303  INFO 36136 --- [localhost-startStop-1] o.s.b.w.servlet.FilterRegistrationBean   : Mapping filter: 'requestContextFilter' to: [/*]
2018-08-07 22:06:36.303  INFO 36136 --- [localhost-startStop-1] .s.DelegatingFilterProxyRegistrationBean : Mapping filter: 'springSecurityFilterChain' to: [/*]
2018-08-07 22:06:36.304  INFO 36136 --- [localhost-startStop-1] o.s.b.w.servlet.FilterRegistrationBean   : Mapping filter: 'keycloakAuthenticationProcessingFilter' to: [/*]
2018-08-07 22:06:36.305  INFO 36136 --- [localhost-startStop-1] o.s.b.w.servlet.FilterRegistrationBean   : Mapping filter: 'keycloakPreAuthActionsFilter' to: [/*]
2018-08-07 22:06:36.305  INFO 36136 --- [localhost-startStop-1] o.s.b.w.servlet.FilterRegistrationBean   : Mapping filter: 'keycloakSecurityContextRequestFilter' to: [/*]
2018-08-07 22:06:36.305  INFO 36136 --- [localhost-startStop-1] o.s.b.w.servlet.FilterRegistrationBean   : Mapping filter: 'keycloakAuthenticatedActionsRequestFilter' to: [/*]
2018-08-07 22:06:36.306  INFO 36136 --- [localhost-startStop-1] o.s.b.w.servlet.ServletRegistrationBean  : Servlet dispatcherServlet mapped to [/]
2018-08-07 22:06:36.644  INFO 36136 --- [main] o.s.s.web.DefaultSecurityFilterChain     : Creating filter chain: org.springframework.security.web.util.matcher.AnyRequestMatcher@1, [org.springframework.security.web.context.request.async.WebAsyncManagerIntegrationFilter@55dfddc9, org.springframework.security.web.context.SecurityContextPersistenceFilter@41225586, org.springframework.security.web.header.HeaderWriterFilter@6985344, org.springframework.security.web.csrf.CsrfFilter@251a27ab, org.keycloak.adapters.springsecurity.filter.KeycloakPreAuthActionsFilter@75d052c8, org.springframework.security.web.authentication.logout.LogoutFilter@1b9712e5, org.keycloak.adapters.springsecurity.filter.KeycloakAuthenticationProcessingFilter@632374ca, org.springframework.security.web.savedrequest.RequestCacheAwareFilter@7de68365, org.springframework.security.web.servletapi.SecurityContextHolderAwareRequestFilter@767f3346, org.keycloak.adapters.springsecurity.filter.KeycloakSecurityContextRequestFilter@3b9c26e8, org.keycloak.adapters.springsecurity.filter.KeycloakAuthenticatedActionsFilter@317b2f2b, org.springframework.security.web.authentication.AnonymousAuthenticationFilter@5319a25d, org.springframework.security.web.session.SessionManagementFilter@12349d5f, org.springframework.security.web.access.ExceptionTranslationFilter@1d41ad3d, org.springframework.security.web.access.intercept.FilterSecurityInterceptor@31775596]
2018-08-07 22:06:36.756  INFO 36136 --- [main] o.s.w.s.handler.SimpleUrlHandlerMapping  : Mapped URL path [/**/favicon.ico] onto handler of type [class org.springframework.web.servlet.resource.ResourceHttpRequestHandler]
2018-08-07 22:06:37.017  INFO 36136 --- [main] s.w.s.m.m.a.RequestMappingHandlerAdapter : Looking for @ControllerAdvice: org.springframework.boot.web.servlet.context.AnnotationConfigServletWebServerApplicationContext@23d08b37: startup date [Tue Aug 07 22:06:33 COT 2018]; root of context hierarchy
2018-08-07 22:06:37.110  INFO 36136 --- [main] s.w.s.m.m.a.RequestMappingHandlerMapping : Mapped "{[/greeting],methods=[GET]}" onto public ec.com.gm.springoauthdemo.Greeting ec.com.gm.springoauthdemo.GreetingRestController.salute()
2018-08-07 22:06:37.114  INFO 36136 --- [main] s.w.s.m.m.a.RequestMappingHandlerMapping : Mapped "{[/books],methods=[GET]}" onto public java.lang.String ec.com.gm.springoauthdemo.GreetingRestController.getProducts()
2018-08-07 22:06:37.122  INFO 36136 --- [main] s.w.s.m.m.a.RequestMappingHandlerMapping : Mapped "{[/error]}" onto public org.springframework.http.ResponseEntity<java.util.Map<java.lang.String, java.lang.Object>> org.springframework.boot.autoconfigure.web.servlet.error.BasicErrorController.error(javax.servlet.http.HttpServletRequest)
2018-08-07 22:06:37.123  INFO 36136 --- [main] s.w.s.m.m.a.RequestMappingHandlerMapping : Mapped "{[/error],produces=[text/html]}" onto public org.springframework.web.servlet.ModelAndView org.springframework.boot.autoconfigure.web.servlet.error.BasicErrorController.errorHtml(javax.servlet.http.HttpServletRequest,javax.servlet.http.HttpServletResponse)
2018-08-07 22:06:37.158  INFO 36136 --- [main] o.s.w.s.handler.SimpleUrlHandlerMapping  : Mapped URL path [/webjars/**] onto handler of type [class org.springframework.web.servlet.resource.ResourceHttpRequestHandler]
2018-08-07 22:06:37.158  INFO 36136 --- [main] o.s.w.s.handler.SimpleUrlHandlerMapping  : Mapped URL path [/**] onto handler of type [class org.springframework.web.servlet.resource.ResourceHttpRequestHandler]
2018-08-07 22:06:37.345  INFO 36136 --- [main] o.s.j.e.a.AnnotationMBeanExporter        : Registering beans for JMX exposure on startup
2018-08-07 22:06:37.395  INFO 36136 --- [main] o.s.b.w.embedded.tomcat.TomcatWebServer  : Tomcat started on port(s): 18080 (http) with context path ''
2018-08-07 22:06:37.401  INFO 36136 --- [main] e.c.g.s.SpringOauthDemoApplication       : Started SpringOauthDemoApplication in 4.331 seconds (JVM running for 9.173)
2018-08-07 22:06:43.528  INFO 36136 --- [http-nio-18080-exec-1] o.a.c.c.C.[Tomcat].[localhost].[/]       : Initializing Spring FrameworkServlet 'dispatcherServlet'
2018-08-07 22:06:43.529  INFO 36136 --- [http-nio-18080-exec-1] o.s.web.servlet.DispatcherServlet        : FrameworkServlet 'dispatcherServlet': initialization started
2018-08-07 22:06:43.550  INFO 36136 --- [http-nio-18080-exec-1] o.s.web.servlet.DispatcherServlet        : FrameworkServlet 'dispatcherServlet': initialization completed in 20 ms
2018-08-07 22:09:51.622  INFO 36136 --- [Thread-3] ConfigServletWebServerApplicationContext : Closing org.springframework.boot.web.servlet.context.AnnotationConfigServletWebServerApplicationContext@23d08b37: startup date [Tue Aug 07 22:06:33 COT 2018]; root of context hierarchy
2018-08-07 22:09:51.630  INFO 36136 --- [Thread-3] o.s.j.e.a.AnnotationMBeanExporter        : Unregistering JMX-exposed beans on shutdown
2018-08-07 22:10:00.890  INFO 38552 --- [main] e.c.g.s.SpringOauthDemoApplication       : Starting SpringOauthDemoApplication on GM2K11 with PID 38552 (C:\galo\workspace\spring-oauth-demo\target\classes started by galo in C:\galo\workspace\spring-oauth-demo)
2018-08-07 22:10:00.894  INFO 38552 --- [main] e.c.g.s.SpringOauthDemoApplication       : No active profile set, falling back to default profiles: default
2018-08-07 22:10:00.958  INFO 38552 --- [main] ConfigServletWebServerApplicationContext : Refreshing org.springframework.boot.web.servlet.context.AnnotationConfigServletWebServerApplicationContext@81192fb: startup date [Tue Aug 07 22:10:00 COT 2018]; root of context hierarchy
2018-08-07 22:10:01.836  INFO 38552 --- [main] o.s.b.f.s.DefaultListableBeanFactory     : Overriding bean definition for bean 'httpSessionManager' with a different definition: replacing [Generic bean: class [org.keycloak.adapters.springsecurity.management.HttpSessionManager]; scope=singleton; abstract=false; lazyInit=false; autowireMode=0; dependencyCheck=0; autowireCandidate=true; primary=false; factoryBeanName=null; factoryMethodName=null; initMethodName=null; destroyMethodName=null; defined in URL [jar:file:/C:/Users/galo/.m2/repository/org/keycloak/keycloak-spring-security-adapter/4.2.0.Final/keycloak-spring-security-adapter-4.2.0.Final.jar!/org/keycloak/adapters/springsecurity/management/HttpSessionManager.class]] with [Root bean: class [null]; scope=; abstract=false; lazyInit=false; autowireMode=3; dependencyCheck=0; autowireCandidate=true; primary=false; factoryBeanName=securityConfig; factoryMethodName=httpSessionManager; initMethodName=null; destroyMethodName=(inferred); defined in class path resource [ec/com/gm/springoauthdemo/SecurityConfig.class]]
2018-08-07 22:10:03.152  INFO 38552 --- [main] o.s.b.w.embedded.tomcat.TomcatWebServer  : Tomcat initialized with port(s): 18080 (http)
2018-08-07 22:10:03.190  INFO 38552 --- [main] o.apache.catalina.core.StandardService   : Starting service [Tomcat]
2018-08-07 22:10:03.191  INFO 38552 --- [main] org.apache.catalina.core.StandardEngine  : Starting Servlet Engine: Apache Tomcat/8.5.32
2018-08-07 22:10:03.207  INFO 38552 --- [localhost-startStop-1] o.a.catalina.core.AprLifecycleListener   : The APR based Apache Tomcat Native library which allows optimal performance in production environments was not found on the java.library.path: [E:\instalaciones\java\jdk1.8.0_51\bin;C:\Windows\Sun\Java\bin;C:\Windows\system32;C:\Windows;E:\instalaciones\cell\platform-tools;E:\instalaciones\java\apache-maven-3.3.9\bin;C:\Program Files\Common Files\Microsoft Shared\Windows Live;C:\Program Files (x86)\Common Files\Microsoft Shared\Windows Live;E:\instalaciones\java\jdk1.8.0_51\bin;C:\ProgramData\Oracle\Java\javapath;C:\Program Files (x86)\AMD APP\bin\x86_64;C:\Program Files (x86)\AMD APP\bin\x86;C:\Windows\system32;C:\Windows;C:\Windows\System32\Wbem;C:\Windows\System32\WindowsPowerShell\v1.0\;C:\Program Files (x86)\AMD\ATI.ACE\Core-Static;C:\Program Files (x86)\ATI Technologies\ATI.ACE\Core-Static;C:\Program Files\MATLAB\R2013a\runtime\win64;C:\Program Files\MATLAB\R2013a\bin;C:\Program Files (x86)\Windows Live\Shared;C:\Program Files (x86)\Skype\Phone\;E:\instalaciones\dev\Microsoft VS Code\bin;E:\instalaciones\dev\Git\cmd;E:\instalaciones\dev\nodejs\;C:\Users\galo\AppData\Roaming\npm;.]
2018-08-07 22:10:03.304  INFO 38552 --- [localhost-startStop-1] o.a.c.c.C.[Tomcat].[localhost].[/]       : Initializing Spring embedded WebApplicationContext
2018-08-07 22:10:03.305  INFO 38552 --- [localhost-startStop-1] o.s.web.context.ContextLoader            : Root WebApplicationContext: initialization completed in 2348 ms
2018-08-07 22:10:03.908  INFO 38552 --- [localhost-startStop-1] o.s.b.w.servlet.FilterRegistrationBean   : Mapping filter: 'characterEncodingFilter' to: [/*]
2018-08-07 22:10:03.909  INFO 38552 --- [localhost-startStop-1] o.s.b.w.servlet.FilterRegistrationBean   : Mapping filter: 'hiddenHttpMethodFilter' to: [/*]
2018-08-07 22:10:03.910  INFO 38552 --- [localhost-startStop-1] o.s.b.w.servlet.FilterRegistrationBean   : Mapping filter: 'httpPutFormContentFilter' to: [/*]
2018-08-07 22:10:03.910  INFO 38552 --- [localhost-startStop-1] o.s.b.w.servlet.FilterRegistrationBean   : Mapping filter: 'requestContextFilter' to: [/*]
2018-08-07 22:10:03.911  INFO 38552 --- [localhost-startStop-1] .s.DelegatingFilterProxyRegistrationBean : Mapping filter: 'springSecurityFilterChain' to: [/*]
2018-08-07 22:10:03.912  INFO 38552 --- [localhost-startStop-1] o.s.b.w.servlet.FilterRegistrationBean   : Mapping filter: 'keycloakAuthenticationProcessingFilter' to: [/*]
2018-08-07 22:10:03.913  INFO 38552 --- [localhost-startStop-1] o.s.b.w.servlet.FilterRegistrationBean   : Mapping filter: 'keycloakPreAuthActionsFilter' to: [/*]
2018-08-07 22:10:03.913  INFO 38552 --- [localhost-startStop-1] o.s.b.w.servlet.FilterRegistrationBean   : Mapping filter: 'keycloakSecurityContextRequestFilter' to: [/*]
2018-08-07 22:10:03.913  INFO 38552 --- [localhost-startStop-1] o.s.b.w.servlet.FilterRegistrationBean   : Mapping filter: 'keycloakAuthenticatedActionsRequestFilter' to: [/*]
2018-08-07 22:10:03.914  INFO 38552 --- [localhost-startStop-1] o.s.b.w.servlet.ServletRegistrationBean  : Servlet dispatcherServlet mapped to [/]
2018-08-07 22:10:04.255  INFO 38552 --- [main] o.s.s.web.DefaultSecurityFilterChain     : Creating filter chain: org.springframework.security.web.util.matcher.AnyRequestMatcher@1, [org.springframework.security.web.context.request.async.WebAsyncManagerIntegrationFilter@19589465, org.springframework.security.web.context.SecurityContextPersistenceFilter@5f82c372, org.springframework.security.web.header.HeaderWriterFilter@4a53262e, org.springframework.security.web.csrf.CsrfFilter@20503b77, org.keycloak.adapters.springsecurity.filter.KeycloakPreAuthActionsFilter@269d4809, org.springframework.security.web.authentication.logout.LogoutFilter@7d31d33c, org.keycloak.adapters.springsecurity.filter.KeycloakAuthenticationProcessingFilter@3421eb5f, org.springframework.security.web.savedrequest.RequestCacheAwareFilter@15d8b689, org.springframework.security.web.servletapi.SecurityContextHolderAwareRequestFilter@12b69e2c, org.keycloak.adapters.springsecurity.filter.KeycloakSecurityContextRequestFilter@100905bc, org.keycloak.adapters.springsecurity.filter.KeycloakAuthenticatedActionsFilter@71833319, org.springframework.security.web.authentication.AnonymousAuthenticationFilter@3bef9c61, org.springframework.security.web.session.SessionManagementFilter@25e5fa59, org.springframework.security.web.access.ExceptionTranslationFilter@3d2ccc74, org.springframework.security.web.access.intercept.FilterSecurityInterceptor@7584253c]
2018-08-07 22:10:04.373  INFO 38552 --- [main] o.s.w.s.handler.SimpleUrlHandlerMapping  : Mapped URL path [/**/favicon.ico] onto handler of type [class org.springframework.web.servlet.resource.ResourceHttpRequestHandler]
2018-08-07 22:10:04.647  INFO 38552 --- [main] s.w.s.m.m.a.RequestMappingHandlerAdapter : Looking for @ControllerAdvice: org.springframework.boot.web.servlet.context.AnnotationConfigServletWebServerApplicationContext@81192fb: startup date [Tue Aug 07 22:10:00 COT 2018]; root of context hierarchy
2018-08-07 22:10:04.740  INFO 38552 --- [main] s.w.s.m.m.a.RequestMappingHandlerMapping : Mapped "{[/greeting],methods=[GET]}" onto public ec.com.gm.springoauthdemo.Greeting ec.com.gm.springoauthdemo.GreetingRestController.salute()
2018-08-07 22:10:04.745  INFO 38552 --- [main] s.w.s.m.m.a.RequestMappingHandlerMapping : Mapped "{[/books],methods=[GET]}" onto public java.lang.String ec.com.gm.springoauthdemo.GreetingRestController.getProducts()
2018-08-07 22:10:04.752  INFO 38552 --- [main] s.w.s.m.m.a.RequestMappingHandlerMapping : Mapped "{[/error]}" onto public org.springframework.http.ResponseEntity<java.util.Map<java.lang.String, java.lang.Object>> org.springframework.boot.autoconfigure.web.servlet.error.BasicErrorController.error(javax.servlet.http.HttpServletRequest)
2018-08-07 22:10:04.754  INFO 38552 --- [main] s.w.s.m.m.a.RequestMappingHandlerMapping : Mapped "{[/error],produces=[text/html]}" onto public org.springframework.web.servlet.ModelAndView org.springframework.boot.autoconfigure.web.servlet.error.BasicErrorController.errorHtml(javax.servlet.http.HttpServletRequest,javax.servlet.http.HttpServletResponse)
2018-08-07 22:10:04.788  INFO 38552 --- [main] o.s.w.s.handler.SimpleUrlHandlerMapping  : Mapped URL path [/webjars/**] onto handler of type [class org.springframework.web.servlet.resource.ResourceHttpRequestHandler]
2018-08-07 22:10:04.789  INFO 38552 --- [main] o.s.w.s.handler.SimpleUrlHandlerMapping  : Mapped URL path [/**] onto handler of type [class org.springframework.web.servlet.resource.ResourceHttpRequestHandler]
2018-08-07 22:10:04.974  INFO 38552 --- [main] o.s.j.e.a.AnnotationMBeanExporter        : Registering beans for JMX exposure on startup
2018-08-07 22:10:05.025  INFO 38552 --- [main] o.s.b.w.embedded.tomcat.TomcatWebServer  : Tomcat started on port(s): 18080 (http) with context path ''
2018-08-07 22:10:05.032  INFO 38552 --- [main] e.c.g.s.SpringOauthDemoApplication       : Started SpringOauthDemoApplication in 4.615 seconds (JVM running for 9.481)
2018-08-07 22:10:50.987  INFO 38552 --- [http-nio-18080-exec-2] o.a.c.c.C.[Tomcat].[localhost].[/]       : Initializing Spring FrameworkServlet 'dispatcherServlet'
2018-08-07 22:10:50.988  INFO 38552 --- [http-nio-18080-exec-2] o.s.web.servlet.DispatcherServlet        : FrameworkServlet 'dispatcherServlet': initialization started
2018-08-07 22:10:51.010  INFO 38552 --- [http-nio-18080-exec-2] o.s.web.servlet.DispatcherServlet        : FrameworkServlet 'dispatcherServlet': initialization completed in 21 ms
